{
  "RSpec": {
    "coverage": {
      "/home/rajeevkannav/workspace/crispy-tribble/spec/models/extra_attribute_spec.rb": [
        1,
        null,
        1,
        null,
        null
      ],
      "/home/rajeevkannav/workspace/crispy-tribble/spec/rails_helper.rb": [
        null,
        1,
        1,
        1,
        null,
        1,
        1,
        null,
        null,
        null,
        null,
        null,
        null,
        null,
        null,
        null,
        null,
        null,
        null,
        null,
        null,
        null,
        null,
        null,
        null,
        null,
        1,
        null,
        null,
        1,
        1,
        1,
        1,
        null,
        null,
        null,
        null,
        1,
        null,
        1,
        null,
        null,
        null,
        null,
        1,
        null,
        null,
        null,
        null,
        null,
        null,
        null,
        null,
        null,
        null,
        null,
        null,
        null,
        null,
        1,
        null,
        null,
        1,
        null,
        null,
        null,
        null,
        1,
        null,
        1,
        1,
        1,
        null,
        null,
        null,
        1,
        5,
        5,
        null,
        null,
        null,
        null
      ],
      "/home/rajeevkannav/workspace/crispy-tribble/config/environment.rb": [
        null,
        1,
        null,
        null,
        1
      ],
      "/home/rajeevkannav/workspace/crispy-tribble/config/application.rb": [
        1,
        null,
        1,
        null,
        1,
        1,
        1,
        1,
        1,
        1,
        1,
        1,
        null,
        null,
        null,
        null,
        null,
        1,
        null,
        1,
        1,
        null,
        1,
        null,
        null,
        null,
        null,
        null,
        null,
        null,
        null,
        null,
        1,
        null,
        null
      ],
      "/home/rajeevkannav/workspace/crispy-tribble/config/boot.rb": [
        1,
        null,
        1,
        1
      ],
      "/home/rajeevkannav/workspace/crispy-tribble/config/environments/test.rb": [
        1,
        null,
        null,
        null,
        null,
        null,
        null,
        1,
        null,
        null,
        null,
        null,
        1,
        null,
        null,
        1,
        1,
        null,
        null,
        null,
        null,
        1,
        1,
        null,
        null,
        1,
        null,
        null,
        1,
        null,
        null,
        1,
        null,
        1,
        null,
        null,
        null,
        null,
        1,
        null,
        null,
        1,
        null,
        null,
        null,
        null
      ],
      "/home/rajeevkannav/workspace/crispy-tribble/config/initializers/application_controller_renderer.rb": [
        null,
        null,
        null,
        null,
        null,
        null,
        null,
        null
      ],
      "/home/rajeevkannav/workspace/crispy-tribble/config/initializers/backtrace_silencers.rb": [
        null,
        null,
        null,
        null,
        null,
        null,
        null
      ],
      "/home/rajeevkannav/workspace/crispy-tribble/config/initializers/cors.rb": [
        null,
        null,
        null,
        null,
        null,
        null,
        null,
        null,
        null,
        null,
        null,
        null,
        null,
        null,
        null,
        null
      ],
      "/home/rajeevkannav/workspace/crispy-tribble/config/initializers/filter_parameter_logging.rb": [
        null,
        null,
        null,
        1
      ],
      "/home/rajeevkannav/workspace/crispy-tribble/config/initializers/inflections.rb": [
        null,
        null,
        null,
        null,
        null,
        null,
        null,
        null,
        null,
        null,
        null,
        null,
        null,
        null,
        null,
        null
      ],
      "/home/rajeevkannav/workspace/crispy-tribble/config/initializers/mime_types.rb": [
        null,
        null,
        null,
        null
      ],
      "/home/rajeevkannav/workspace/crispy-tribble/config/initializers/wrap_parameters.rb": [
        null,
        null,
        null,
        null,
        null,
        null,
        1,
        1,
        null,
        null,
        null,
        null,
        null,
        null
      ],
      "/home/rajeevkannav/workspace/crispy-tribble/config/routes.rb": [
        1,
        null,
        null
      ],
      "/home/rajeevkannav/workspace/crispy-tribble/app/models/extra_attribute.rb": [
        1,
        null
      ],
      "/home/rajeevkannav/workspace/crispy-tribble/app/models/application_record.rb": [
        1,
        1,
        null
      ],
      "/home/rajeevkannav/workspace/crispy-tribble/spec/models/user_spec.rb": [
        1,
        1,
        null,
        1,
        null,
        null,
        1,
        1,
        1,
        1,
        1,
        1,
        1,
        null,
        null,
        null,
        1,
        1,
        1,
        1,
        1,
        1,
        null,
        1,
        null,
        null,
        1,
        1,
        1,
        1,
        1,
        1,
        null,
        null,
        null,
        null,
        null,
        1,
        1,
        1,
        1,
        5,
        5,
        5,
        5,
        null,
        null,
        1,
        1,
        1,
        1,
        null,
        null,
        null,
        null,
        1,
        1,
        1,
        1,
        5,
        5,
        5,
        5,
        5,
        null,
        null,
        1,
        1,
        1,
        1,
        1,
        1,
        1,
        null,
        null,
        null,
        null,
        null,
        null
      ],
      "/home/rajeevkannav/workspace/crispy-tribble/app/models/user.rb": [
        1,
        null,
        null,
        1,
        null,
        null
      ],
      "/home/rajeevkannav/workspace/crispy-tribble/app/models/concerns/extra_attributable.rb": [
        1,
        null,
        1,
        null,
        1,
        1,
        1,
        null,
        null,
        1,
        null,
        1,
        2,
        5,
        2,
        2,
        2,
        2,
        null,
        0,
        null,
        null,
        null,
        null,
        null,
        null,
        1,
        null,
        1,
        14,
        14,
        14,
        null,
        null,
        14,
        null,
        14,
        14,
        null,
        14,
        null,
        14,
        33,
        33,
        null,
        null,
        14,
        10,
        25,
        25,
        25,
        null,
        null,
        null,
        null,
        null,
        null
      ],
      "/home/rajeevkannav/workspace/crispy-tribble/app/models/partner.rb": [
        1,
        null,
        1,
        null,
        null,
        null,
        null,
        null,
        null,
        null,
        null,
        null,
        null,
        1,
        null,
        41,
        3,
        null,
        null
      ]
    },
    "timestamp": 1531675089
  }
}
